<?xml version="1.0" encoding="UTF-8"?>
<!-- Generated by org.testng.reporters.JUnitXMLReporter -->
<testsuite ignored="0" hostname="Anants-MacBook-Pro.local" failures="1" tests="2" name="Regression Test" time="15.864" errors="0" timestamp="2025-03-31T17:32:44 IST">
  <testcase classname="qa.tests.Testcase1" name="TC_002" time="0.022">
    <skipped/>
  </testcase> <!-- TC_002 -->
  <testcase classname="qa.tests.Testcase1" name="TC_002" time="0.004">
    <failure type="java.lang.AssertionError" message="Failed to read JSON file: /Users/savitrigajakosh/Documents/Generic_Selenium_Framework/src/main/resources/LogIInCredentials.json (No such file or directory)">
      <![CDATA[java.lang.AssertionError: Failed to read JSON file: /Users/savitrigajakosh/Documents/Generic_Selenium_Framework/src/main/resources/LogIInCredentials.json (No such file or directory)
at qa.tests.Testcase1.TC_002(Testcase1.java:51)
at java.base/java.util.ArrayList.forEach(ArrayList.java:1597)
... Removed 25 stack frames]]>
    </failure>
  </testcase> <!-- TC_002 -->
</testsuite> <!-- Regression Test -->
